<?xml version="1.0" encoding="utf-8"?><testsuites><testsuite errors="0" failures="0" hostname="fv-az102" name="pytest" skipped="0" tests="1" time="0.147" timestamp="2020-02-25T22:18:56.743812"><testcase classname="zdevelop.tests.test_example" file="zdevelop/tests/test_example.py" line="3" name="test_example" time="0.001"></testcase></testsuite></testsuites>