<?xml version="1.0" encoding="utf-8"?><testsuites><testsuite errors="0" failures="0" hostname="fv-az191" name="pytest" skipped="0" tests="1" time="0.123" timestamp="2020-02-25T03:46:46.171107"><testcase classname="zdevelop.tests.test_example" file="zdevelop/tests/test_example.py" line="3" name="test_example" time="0.001"></testcase></testsuite></testsuites>